
[32m
                             _   _
                            (_) | |
      __ _   _ __   __   __  _  | |
     / _` | | '_ \  \ \ / / | | | |
    | (_| | | | | |  \ V /  | | | |
     \__,_| |_| |_|   \_/   |_| |_|
[0m
    0.1.0 (a44aa13 2023-01-09T00:05:31.381260316Z)
    [32mhttps://github.com/foundry-rs/foundry[0m

Available Accounts
==================

(0) 0xf39fd6e51aad88f6f4ce6ab8827279cfffb92266 (10000 ETH)
(1) 0x70997970c51812dc3a010c7d01b50e0d17dc79c8 (10000 ETH)
(2) 0x3c44cdddb6a900fa2b585dd299e03d12fa4293bc (10000 ETH)
(3) 0x90f79bf6eb2c4f870365e785982e1f101e93b906 (10000 ETH)
(4) 0x15d34aaf54267db7d7c367839aaf71a00a2c6a65 (10000 ETH)
(5) 0x9965507d1a55bcc2695c58ba16fb37d819b0a4dc (10000 ETH)
(6) 0x976ea74026e726554db657fa54763abd0c3a0aa9 (10000 ETH)
(7) 0x14dc79964da2c08b23698b3d3cc7ca32193d9955 (10000 ETH)
(8) 0x23618e81e3f5cdf7f54c3d65f7fbc0abf5b21e8f (10000 ETH)
(9) 0xa0ee7a142d267c1f36714e4a8f75612f20a79720 (10000 ETH)

Private Keys
==================

(0) 0xac0974bec39a17e36ba4a6b4d238ff944bacb478cbed5efcae784d7bf4f2ff80
(1) 0x59c6995e998f97a5a0044966f0945389dc9e86dae88c7a8412f4603b6b78690d
(2) 0x5de4111afa1a4b94908f83103eb1f1706367c2e68ca870fc3fb9a804cdab365a
(3) 0x7c852118294e51e653712a81e05800f419141751be58f605c371e15141b007a6
(4) 0x47e179ec197488593b187f80a00eb0da91f1b9d0b13f8733639f19c30a34926a
(5) 0x8b3a350cf5c34c9194ca85829a2df0ec3153be0318b5e2d3348e872092edffba
(6) 0x92db14e403b83dfe3df233f83dfa3a0d7096f21ca9b0d6d6b8d88b2b4ec1564e
(7) 0x4bbbf85ce3377467afe5d46f804f221813b2bb87f24d81f60f1fcdbf7cbf4356
(8) 0xdbda1821b80551c9d65939329250298aa3472ba22feea921c0cf5d620ea67b97
(9) 0x2a871d0798f97d79848a013d4936a73bf4cc922c825d33c1cf7073dff6d409c6

Wallet
==================
Mnemonic:          test test test test test test test test test test test junk
Derivation path:   m/44'/60'/0'/0/


Base Fee
==================
[32m
1000000000[0m

Gas Limit
==================
[32m
30000000[0m

Genesis Timestamp
==================
[32m
1673362749[0m

Listening on 127.0.0.1:8545

[32m
                             _   _
                            (_) | |
      __ _   _ __   __   __  _  | |
     / _` | | '_ \  \ \ / / | | | |
    | (_| | | | | |  \ V /  | | | |
     \__,_| |_| |_|   \_/   |_| |_|
[0m
    0.1.0 (a44aa13 2023-01-09T00:05:31.381260316Z)
    [32mhttps://github.com/foundry-rs/foundry[0m

Available Accounts
==================

(0) 0xf39fd6e51aad88f6f4ce6ab8827279cfffb92266 (10000 ETH)
(1) 0x70997970c51812dc3a010c7d01b50e0d17dc79c8 (10000 ETH)
(2) 0x3c44cdddb6a900fa2b585dd299e03d12fa4293bc (10000 ETH)
(3) 0x90f79bf6eb2c4f870365e785982e1f101e93b906 (10000 ETH)
(4) 0x15d34aaf54267db7d7c367839aaf71a00a2c6a65 (10000 ETH)
(5) 0x9965507d1a55bcc2695c58ba16fb37d819b0a4dc (10000 ETH)
(6) 0x976ea74026e726554db657fa54763abd0c3a0aa9 (10000 ETH)
(7) 0x14dc79964da2c08b23698b3d3cc7ca32193d9955 (10000 ETH)
(8) 0x23618e81e3f5cdf7f54c3d65f7fbc0abf5b21e8f (10000 ETH)
(9) 0xa0ee7a142d267c1f36714e4a8f75612f20a79720 (10000 ETH)

Private Keys
==================

(0) 0xac0974bec39a17e36ba4a6b4d238ff944bacb478cbed5efcae784d7bf4f2ff80
(1) 0x59c6995e998f97a5a0044966f0945389dc9e86dae88c7a8412f4603b6b78690d
(2) 0x5de4111afa1a4b94908f83103eb1f1706367c2e68ca870fc3fb9a804cdab365a
(3) 0x7c852118294e51e653712a81e05800f419141751be58f605c371e15141b007a6
(4) 0x47e179ec197488593b187f80a00eb0da91f1b9d0b13f8733639f19c30a34926a
(5) 0x8b3a350cf5c34c9194ca85829a2df0ec3153be0318b5e2d3348e872092edffba
(6) 0x92db14e403b83dfe3df233f83dfa3a0d7096f21ca9b0d6d6b8d88b2b4ec1564e
(7) 0x4bbbf85ce3377467afe5d46f804f221813b2bb87f24d81f60f1fcdbf7cbf4356
(8) 0xdbda1821b80551c9d65939329250298aa3472ba22feea921c0cf5d620ea67b97
(9) 0x2a871d0798f97d79848a013d4936a73bf4cc922c825d33c1cf7073dff6d409c6

Wallet
==================
Mnemonic:          test test test test test test test test test test test junk
Derivation path:   m/44'/60'/0'/0/


Base Fee
==================
[32m
1000000000[0m

Gas Limit
==================
[32m
30000000[0m

Genesis Timestamp
==================
[32m
1673362778[0m

Listening on 127.0.0.1:8545

[32m
                             _   _
                            (_) | |
      __ _   _ __   __   __  _  | |
     / _` | | '_ \  \ \ / / | | | |
    | (_| | | | | |  \ V /  | | | |
     \__,_| |_| |_|   \_/   |_| |_|
[0m
    0.1.0 (a44aa13 2023-01-09T00:05:31.381260316Z)
    [32mhttps://github.com/foundry-rs/foundry[0m

Available Accounts
==================

(0) 0xf39fd6e51aad88f6f4ce6ab8827279cfffb92266 (10000 ETH)
(1) 0x70997970c51812dc3a010c7d01b50e0d17dc79c8 (10000 ETH)
(2) 0x3c44cdddb6a900fa2b585dd299e03d12fa4293bc (10000 ETH)
(3) 0x90f79bf6eb2c4f870365e785982e1f101e93b906 (10000 ETH)
(4) 0x15d34aaf54267db7d7c367839aaf71a00a2c6a65 (10000 ETH)
(5) 0x9965507d1a55bcc2695c58ba16fb37d819b0a4dc (10000 ETH)
(6) 0x976ea74026e726554db657fa54763abd0c3a0aa9 (10000 ETH)
(7) 0x14dc79964da2c08b23698b3d3cc7ca32193d9955 (10000 ETH)
(8) 0x23618e81e3f5cdf7f54c3d65f7fbc0abf5b21e8f (10000 ETH)
(9) 0xa0ee7a142d267c1f36714e4a8f75612f20a79720 (10000 ETH)

Private Keys
==================

(0) 0xac0974bec39a17e36ba4a6b4d238ff944bacb478cbed5efcae784d7bf4f2ff80
(1) 0x59c6995e998f97a5a0044966f0945389dc9e86dae88c7a8412f4603b6b78690d
(2) 0x5de4111afa1a4b94908f83103eb1f1706367c2e68ca870fc3fb9a804cdab365a
(3) 0x7c852118294e51e653712a81e05800f419141751be58f605c371e15141b007a6
(4) 0x47e179ec197488593b187f80a00eb0da91f1b9d0b13f8733639f19c30a34926a
(5) 0x8b3a350cf5c34c9194ca85829a2df0ec3153be0318b5e2d3348e872092edffba
(6) 0x92db14e403b83dfe3df233f83dfa3a0d7096f21ca9b0d6d6b8d88b2b4ec1564e
(7) 0x4bbbf85ce3377467afe5d46f804f221813b2bb87f24d81f60f1fcdbf7cbf4356
(8) 0xdbda1821b80551c9d65939329250298aa3472ba22feea921c0cf5d620ea67b97
(9) 0x2a871d0798f97d79848a013d4936a73bf4cc922c825d33c1cf7073dff6d409c6

Wallet
==================
Mnemonic:          test test test test test test test test test test test junk
Derivation path:   m/44'/60'/0'/0/


Base Fee
==================
[32m
1000000000[0m

Gas Limit
==================
[32m
30000000[0m

Genesis Timestamp
==================
[32m
1673362795[0m

Listening on 127.0.0.1:8545
eth_getTransactionCount
eth_blockNumber
eth_chainId
eth_getBlockByNumber
eth_blockNumber
eth_chainId
eth_getBlockByNumber
eth_getBalance
eth_getTransactionCount
eth_getCode
eth_getBalance
eth_getCode
eth_getTransactionCount
eth_getBalance
eth_getCode
eth_getTransactionCount
eth_getBalance
eth_getCode
eth_getTransactionCount
eth_getBalance
eth_getCode
eth_getTransactionCount
eth_getBalance
eth_getCode
eth_getTransactionCount
eth_chainId
eth_blockNumber
eth_chainId
eth_getBlockByNumber
eth_chainId
eth_getBlockByNumber
eth_feeHistory
eth_chainId
eth_getBlockByNumber
eth_feeHistory
eth_sendRawTransaction
eth_sendRawTransaction

    Transaction: 0x13b82b560502f06711875eb74581d3fec0bb9e48d9d18036ab9f92e0e92e7d87
    Contract created: 0x5fbdb2315678afecb367f032d93f642f64180aa3
    Gas used: 933965

    Block Number: 1
    Block Hash: 0x30cfa44c0dfc15f5d032b9c1624d4a972859ed0c2a9cfe1f041d51b6fb9ec86e
    Block Time: "Tue, 10 Jan 2023 15:05:48 +0000"


    Transaction: 0x4bef57a0bffdaeb701fc71cfbf1d5cc14122c4b5aac19ae406092aadc41b0726
    Contract created: 0xe7f1725e7734ce288f8367e1bb143e90bb3f0512
    Gas used: 238535

    Block Number: 2
    Block Hash: 0xbb6364f90438046ea890f492836e85b2544fba964b2c8b63c5fac9447f4263ea
    Block Time: "Tue, 10 Jan 2023 15:05:49 +0000"

eth_getTransactionReceipt
eth_getTransactionReceipt
eth_blockNumber
eth_getLogs
eth_blockNumber
eth_blockNumber
eth_networkId
eth_getBlockByNumber
eth_blockNumber
eth_getBalance
eth_getBalance
eth_getBalance
eth_getBalance
eth_blockNumber
eth_blockNumber
eth_estimateGas
eth_getCode
eth_call
eth_call
eth_call
eth_call
eth_feeHistory
eth_blockNumber
eth_getTransactionCount
eth_feeHistory
eth_sendRawTransaction
eth_call
eth_call
eth_getTransactionReceipt
eth_call
eth_call
eth_getTransactionReceipt
eth_feeHistory
eth_feeHistory
eth_blockNumber
eth_blockNumber
eth_blockNumber
eth_blockNumber
eth_blockNumber
eth_blockNumber
eth_blockNumber
eth_blockNumber
eth_getLogs
eth_call
eth_call
eth_call
eth_call
eth_feeHistory
eth_feeHistory
eth_sendRawTransaction
eth_call
eth_call
eth_getTransactionReceipt
eth_call
eth_call
eth_getTransactionReceipt
eth_feeHistory
eth_feeHistory
eth_blockNumber
eth_blockNumber
eth_blockNumber
eth_blockNumber
eth_blockNumber
eth_blockNumber
eth_blockNumber
eth_blockNumber
eth_blockNumber
eth_blockNumber
eth_getTransactionCount
eth_blockNumber
eth_getBlockByNumber
eth_chainId
eth_blockNumber
eth_chainId
eth_getBlockByNumber
eth_getBalance
eth_getTransactionCount
eth_getCode
eth_getBalance
eth_getCode
eth_getTransactionCount
eth_getBalance
eth_getCode
eth_getTransactionCount
eth_getBalance
eth_getCode
eth_getTransactionCount
eth_getBalance
eth_getCode
eth_getTransactionCount
eth_getBalance
eth_getCode
eth_getTransactionCount
eth_chainId
eth_blockNumber
eth_chainId
eth_getBlockByNumber
eth_chainId
eth_getBlockByNumber
eth_feeHistory
eth_chainId
eth_getBlockByNumber
eth_feeHistory
eth_sendRawTransaction
eth_sendRawTransaction

    Transaction: 0x6fa772c3d18e1ae760e98a4a5c8d5652992a5532d722d568f70e23b85e7f47cd
    Contract created: 0x9fe46736679d2d9a65f0992f2272de9f3c7fa6e0
    Gas used: 933965

    Block Number: 3
    Block Hash: 0xd6dea4522c096d3c4a842ff6ca667b9bbd7931eeb6027ee08adeea1adb46826f
    Block Time: "Tue, 10 Jan 2023 15:10:35 +0000"


    Transaction: 0xdbd746c704d5c52e3388230e930290edf27c3f3b76ecec7ba301ca79e71238c4
    Contract created: 0xcf7ed3acca5a467e9e704c703e8d87f634fb0fc9
    Gas used: 238535

    Block Number: 4
    Block Hash: 0x4515bdba9542ad983b95728edcd59be0c707cc5dc22cfc0fd1caf242ddd0006b
    Block Time: "Tue, 10 Jan 2023 15:10:36 +0000"

eth_getTransactionReceipt
eth_getTransactionReceipt
eth_getLogs
eth_estimateGas
eth_blockNumber
eth_getTransactionReceipt
eth_getTransactionReceipt
eth_getTransactionCount
eth_blockNumber
eth_blockNumber
eth_blockNumber
eth_blockNumber
eth_blockNumber
eth_getLogs
eth_getBalance
eth_blockNumber
eth_estimateGas
eth_getCode
eth_call
eth_call
eth_call
eth_call
eth_getBlockByNumber
eth_getBalance
eth_getBalance
eth_getBalance
eth_feeHistory
eth_feeHistory
eth_sendRawTransaction
eth_call
eth_call
eth_getTransactionReceipt
eth_call
eth_call
eth_getTransactionReceipt
eth_feeHistory
eth_feeHistory
eth_feeHistory
eth_blockNumber
eth_blockNumber
eth_blockNumber
eth_blockNumber
eth_blockNumber
eth_blockNumber
eth_blockNumber
eth_blockNumber
eth_blockNumber
eth_blockNumber
eth_feeHistory
eth_getCode
eth_sendRawTransaction
eth_sendRawTransaction
eth_feeHistory
eth_sendRawTransaction
eth_blockNumber
eth_blockNumber
eth_sendRawTransaction
eth_sendRawTransaction
eth_feeHistory
eth_feeHistory
eth_sendRawTransaction
eth_sendRawTransaction
eth_blockNumber
eth_blockNumber
eth_feeHistory
eth_sendRawTransaction
eth_feeHistory
eth_blockNumber
eth_blockNumber
eth_sendRawTransaction
eth_call
eth_call
eth_call
eth_call
eth_feeHistory
eth_feeHistory
eth_blockNumber
eth_feeHistory
eth_blockNumber
eth_call
eth_call
eth_call
eth_call
eth_feeHistory
eth_feeHistory
eth_feeHistory
eth_blockNumber
eth_blockNumber
eth_feeHistory
eth_blockNumber
eth_blockNumber
eth_blockNumber
eth_blockNumber
eth_feeHistory
eth_sendRawTransaction
eth_sendRawTransaction
eth_blockNumber
eth_blockNumber
eth_sendRawTransaction
eth_feeHistory
eth_estimateGas
eth_blockNumber
eth_blockNumber
eth_blockNumber
eth_blockNumber
eth_getTransactionCount
eth_blockNumber
eth_chainId
eth_getBlockByNumber
eth_blockNumber
eth_chainId
eth_getBlockByNumber
eth_getBalance
eth_getTransactionCount
eth_getCode
eth_getBalance
eth_getCode
eth_getTransactionCount
eth_getBalance
eth_getTransactionCount
eth_getCode
eth_getBalance
eth_getCode
eth_getTransactionCount
eth_getBalance
eth_getCode
eth_getTransactionCount
eth_getBalance
eth_getCode
eth_getTransactionCount
eth_chainId
eth_blockNumber
eth_chainId
eth_getBlockByNumber
eth_chainId
eth_getBlockByNumber
eth_feeHistory
eth_chainId
eth_getBlockByNumber
eth_feeHistory
eth_sendRawTransaction
eth_sendRawTransaction

    Transaction: 0xa6acda8a59142b40e7f28953370f6809f22cb29a5e5174d8103c3b24df3a854f
    Contract created: 0xdc64a140aa3e981100a9beca4e685f962f0cf6c9
    Gas used: 933965

    Block Number: 5
    Block Hash: 0x2486f22cff5e0992937d42b6cbc1eb363e17fa5f5eb2ef96c27cfe19ca4ae1ee
    Block Time: "Tue, 10 Jan 2023 15:16:37 +0000"


    Transaction: 0x47e864cdc498f5ec50c2f5962be84d8d7d3e1368fba58bb17eb4c5f53afdcf79
    Contract created: 0x5fc8d32690cc91d4c39d9d3abcbd16989f875707
    Gas used: 238523

    Block Number: 6
    Block Hash: 0x4259810f7fcf50f9f505a9d3a0a79218296ce39741a62fba407d2933a2dc6ca6
    Block Time: "Tue, 10 Jan 2023 15:16:38 +0000"

eth_getTransactionReceipt
eth_getTransactionReceipt
eth_blockNumber
eth_getTransactionReceipt
eth_getTransactionReceipt
eth_getTransactionReceipt
eth_getTransactionReceipt
eth_getTransactionReceipt
eth_getTransactionReceipt
eth_getTransactionReceipt
eth_getTransactionReceipt
eth_getTransactionCount
eth_sendRawTransaction
eth_sendRawTransaction
eth_blockNumber
eth_blockNumber
eth_blockNumber
eth_blockNumber
eth_blockNumber
eth_getLogs
eth_getBalance
eth_blockNumber
eth_estimateGas
eth_blockNumber
eth_blockNumber
eth_getTransactionCount
eth_blockNumber
eth_chainId
eth_getBlockByNumber
eth_blockNumber
eth_chainId
eth_getBlockByNumber
eth_getBalance
eth_getCode
eth_getTransactionCount
eth_getTransactionCount
eth_getBalance
eth_getCode
eth_getBalance
eth_getCode
eth_getTransactionCount
eth_getTransactionCount
eth_getCode
eth_getBalance
eth_getBalance
eth_getCode
eth_getTransactionCount
eth_getBalance
eth_getCode
eth_getTransactionCount
eth_chainId
eth_blockNumber
eth_chainId
eth_getBlockByNumber
eth_chainId
eth_getBlockByNumber
eth_feeHistory
eth_chainId
eth_getBlockByNumber
eth_feeHistory
eth_sendRawTransaction
eth_sendRawTransaction

    Transaction: 0x4077574da819bce0901ccd968debcbf926cf831dc6d05c146d6c03d94e4e353e
    Contract created: 0x0165878a594ca255338adfa4d48449f69242eb8f
    Gas used: 933965

    Block Number: 7
    Block Hash: 0xcd9eb5b0db1b754b0a134547aaeda759a3800f14b5110ef113b0e0645b0d6cde
    Block Time: "Tue, 10 Jan 2023 15:17:57 +0000"


    Transaction: 0xf9f72a1d5a9d206bbed0b5ddbe654a4bd169030debbe5d219e2faa38baa6bc8d
    Contract created: 0xa513e6e4b8f2a923d98304ec87f64353c4d5c853
    Gas used: 238535

    Block Number: 8
    Block Hash: 0x29dbed9e7ef56aa49978eeb698332ffcaaa4dee3f943233744742bf53729c535
    Block Time: "Tue, 10 Jan 2023 15:17:58 +0000"

eth_getTransactionReceipt
eth_getTransactionReceipt
eth_getLogs
eth_estimateGas
eth_getCode
eth_getBlockByNumber
eth_feeHistory
eth_getBalance
eth_getBalance
eth_getBalance
eth_blockNumber
eth_getBlockByNumber
eth_getTransactionReceipt
eth_getTransactionReceipt
eth_getTransactionReceipt
eth_getTransactionReceipt
eth_getTransactionReceipt
eth_getTransactionReceipt
eth_getTransactionReceipt
eth_getTransactionReceipt
eth_getBalance
eth_getBalance
eth_getBalance
eth_getBalance
eth_getTransactionCount
eth_sendRawTransaction
eth_sendRawTransaction
eth_sendRawTransaction
eth_sendRawTransaction
eth_sendRawTransaction
eth_sendRawTransaction
eth_sendRawTransaction
eth_sendRawTransaction
eth_blockNumber
eth_feeHistory
eth_blockNumber
eth_sendRawTransaction
eth_getTransactionReceipt
eth_feeHistory
eth_getTransactionReceipt
eth_feeHistory
eth_blockNumber
eth_blockNumber
eth_blockNumber
eth_blockNumber
eth_blockNumber
eth_blockNumber
eth_blockNumber
eth_blockNumber
eth_blockNumber
eth_blockNumber
eth_blockNumber
eth_blockNumber
eth_blockNumber
eth_blockNumber
eth_blockNumber
eth_blockNumber
eth_blockNumber
eth_blockNumber
eth_blockNumber
eth_blockNumber
eth_blockNumber
eth_blockNumber
eth_blockNumber
eth_blockNumber
eth_blockNumber
eth_blockNumber
eth_blockNumber
eth_blockNumber
eth_blockNumber
eth_blockNumber
eth_blockNumber
eth_blockNumber
eth_blockNumber
eth_blockNumber
eth_blockNumber
eth_blockNumber
eth_blockNumber
eth_blockNumber
eth_blockNumber
eth_blockNumber
eth_blockNumber
eth_blockNumber
eth_blockNumber
eth_blockNumber
eth_blockNumber
eth_blockNumber
eth_blockNumber
eth_blockNumber
eth_blockNumber
eth_blockNumber
eth_blockNumber
eth_blockNumber
eth_blockNumber
eth_blockNumber
eth_blockNumber
eth_blockNumber
eth_blockNumber
eth_blockNumber
eth_blockNumber
eth_blockNumber
eth_blockNumber
eth_blockNumber
eth_blockNumber
eth_blockNumber
eth_blockNumber
eth_blockNumber
eth_blockNumber
eth_blockNumber
eth_blockNumber
eth_blockNumber
eth_blockNumber
eth_blockNumber
eth_blockNumber
eth_blockNumber
eth_blockNumber
eth_blockNumber
eth_blockNumber
eth_blockNumber
eth_blockNumber
eth_blockNumber
eth_blockNumber
eth_blockNumber
eth_blockNumber
eth_blockNumber
eth_blockNumber
eth_blockNumber
eth_blockNumber
eth_blockNumber
eth_blockNumber
eth_blockNumber
eth_blockNumber
eth_blockNumber
eth_blockNumber
eth_blockNumber
eth_blockNumber
eth_blockNumber
eth_blockNumber
eth_blockNumber
eth_blockNumber
eth_blockNumber
eth_blockNumber
eth_blockNumber
eth_blockNumber
eth_blockNumber
eth_blockNumber
eth_blockNumber
eth_blockNumber
eth_blockNumber
eth_blockNumber
eth_blockNumber
eth_blockNumber
eth_blockNumber
eth_blockNumber
eth_blockNumber
eth_blockNumber
eth_blockNumber
eth_blockNumber
eth_blockNumber
eth_blockNumber
eth_blockNumber
eth_blockNumber
eth_blockNumber
eth_blockNumber
eth_blockNumber
eth_blockNumber
eth_blockNumber
eth_blockNumber
eth_blockNumber
eth_blockNumber
eth_blockNumber
eth_blockNumber
eth_blockNumber
eth_blockNumber
eth_blockNumber
eth_blockNumber
eth_blockNumber
eth_blockNumber
eth_blockNumber
eth_blockNumber
eth_blockNumber
eth_blockNumber
eth_blockNumber
eth_blockNumber
eth_blockNumber
eth_blockNumber
eth_blockNumber
eth_blockNumber
eth_blockNumber
eth_blockNumber
eth_blockNumber
eth_blockNumber
eth_blockNumber
eth_blockNumber
eth_blockNumber
eth_blockNumber
eth_blockNumber
eth_blockNumber
eth_blockNumber
eth_blockNumber
eth_blockNumber
eth_blockNumber
eth_blockNumber
eth_blockNumber
eth_blockNumber
eth_blockNumber
eth_blockNumber
eth_blockNumber
eth_blockNumber
eth_blockNumber
eth_blockNumber
eth_blockNumber
eth_blockNumber
eth_blockNumber
eth_blockNumber
eth_blockNumber
eth_blockNumber
eth_blockNumber
eth_blockNumber
eth_blockNumber
eth_blockNumber
eth_blockNumber
eth_blockNumber
eth_blockNumber
eth_blockNumber
eth_blockNumber
eth_blockNumber
eth_blockNumber
eth_blockNumber
eth_blockNumber
eth_blockNumber
eth_blockNumber
eth_blockNumber
eth_blockNumber
eth_blockNumber
eth_blockNumber
eth_blockNumber
eth_blockNumber
eth_blockNumber
eth_blockNumber
eth_blockNumber
eth_blockNumber
eth_blockNumber
eth_blockNumber
eth_blockNumber
eth_blockNumber
eth_blockNumber
eth_blockNumber
eth_blockNumber
eth_blockNumber
eth_blockNumber
eth_blockNumber
eth_blockNumber
eth_blockNumber
eth_blockNumber
eth_blockNumber
eth_blockNumber
eth_blockNumber
eth_blockNumber
eth_blockNumber
eth_blockNumber
eth_blockNumber
eth_blockNumber
eth_blockNumber
eth_blockNumber
eth_blockNumber
eth_blockNumber
eth_blockNumber
eth_blockNumber
eth_blockNumber
eth_blockNumber
eth_blockNumber
eth_blockNumber
eth_blockNumber
eth_blockNumber
eth_blockNumber
eth_blockNumber
eth_blockNumber
eth_blockNumber
eth_blockNumber
eth_blockNumber
eth_blockNumber
eth_blockNumber
eth_blockNumber
eth_blockNumber
eth_blockNumber
eth_blockNumber
eth_blockNumber
eth_blockNumber
eth_blockNumber
eth_blockNumber
eth_blockNumber
eth_blockNumber
eth_blockNumber
eth_blockNumber
eth_blockNumber
eth_blockNumber
eth_blockNumber
eth_blockNumber
eth_blockNumber
eth_blockNumber
eth_blockNumber
eth_blockNumber
eth_blockNumber
eth_blockNumber
eth_blockNumber
eth_blockNumber
eth_blockNumber
eth_blockNumber
eth_blockNumber
eth_blockNumber
eth_blockNumber
eth_blockNumber
eth_blockNumber
eth_blockNumber
eth_blockNumber
eth_blockNumber
eth_blockNumber
eth_blockNumber
eth_blockNumber
eth_blockNumber
eth_blockNumber
eth_blockNumber
eth_blockNumber
eth_blockNumber
eth_blockNumber
eth_blockNumber
eth_blockNumber
eth_blockNumber
eth_blockNumber
eth_blockNumber
eth_blockNumber
eth_blockNumber
eth_blockNumber
eth_blockNumber
eth_blockNumber
eth_blockNumber
eth_blockNumber
eth_blockNumber
eth_blockNumber
eth_blockNumber
eth_blockNumber
eth_blockNumber
eth_blockNumber
eth_blockNumber
eth_blockNumber
eth_blockNumber
eth_blockNumber
eth_blockNumber
eth_blockNumber
eth_blockNumber
eth_blockNumber
eth_blockNumber
eth_blockNumber
eth_blockNumber
eth_blockNumber
eth_blockNumber
eth_blockNumber
eth_blockNumber
eth_blockNumber
eth_blockNumber
eth_blockNumber
eth_blockNumber
eth_blockNumber
eth_blockNumber
eth_blockNumber
eth_blockNumber
eth_blockNumber
eth_blockNumber
eth_blockNumber
eth_blockNumber
eth_blockNumber
eth_blockNumber
eth_blockNumber
eth_blockNumber
eth_blockNumber
eth_blockNumber
eth_blockNumber
eth_blockNumber
eth_blockNumber
eth_blockNumber
eth_blockNumber
eth_blockNumber
eth_blockNumber
eth_blockNumber
eth_blockNumber
eth_blockNumber
eth_blockNumber
eth_blockNumber
eth_blockNumber
eth_blockNumber
eth_blockNumber
eth_blockNumber
eth_blockNumber
eth_blockNumber
eth_blockNumber
eth_blockNumber
eth_blockNumber
eth_blockNumber
eth_blockNumber
eth_blockNumber
eth_blockNumber
eth_blockNumber
eth_blockNumber
eth_blockNumber
eth_blockNumber
eth_blockNumber
eth_blockNumber
eth_blockNumber
eth_blockNumber
eth_blockNumber
eth_blockNumber
eth_blockNumber
eth_blockNumber
eth_blockNumber
eth_blockNumber
eth_blockNumber
eth_blockNumber
eth_blockNumber
eth_blockNumber
eth_blockNumber
eth_blockNumber
eth_blockNumber
eth_blockNumber
eth_blockNumber
eth_blockNumber
eth_blockNumber
eth_blockNumber
eth_blockNumber
eth_blockNumber
eth_blockNumber
eth_blockNumber
eth_blockNumber
eth_blockNumber
eth_blockNumber
eth_blockNumber
eth_blockNumber
eth_blockNumber
eth_blockNumber
eth_blockNumber
eth_blockNumber
eth_blockNumber
eth_blockNumber
eth_blockNumber
eth_blockNumber
eth_blockNumber
eth_blockNumber
eth_blockNumber
eth_blockNumber
eth_blockNumber
eth_blockNumber
eth_blockNumber
eth_blockNumber
eth_blockNumber
eth_blockNumber
eth_blockNumber
eth_blockNumber
eth_blockNumber
eth_blockNumber
eth_blockNumber
eth_blockNumber
eth_blockNumber
eth_blockNumber
eth_blockNumber
eth_blockNumber
eth_blockNumber
eth_blockNumber
eth_blockNumber
eth_blockNumber
eth_blockNumber
eth_blockNumber
eth_blockNumber
eth_blockNumber
eth_blockNumber
eth_blockNumber
eth_blockNumber
eth_blockNumber
eth_blockNumber
eth_blockNumber
eth_blockNumber
eth_blockNumber
eth_blockNumber
eth_blockNumber
eth_blockNumber
eth_blockNumber
eth_blockNumber
eth_blockNumber
eth_blockNumber
eth_blockNumber
eth_blockNumber
eth_blockNumber
eth_blockNumber
eth_blockNumber
eth_blockNumber
eth_blockNumber
eth_blockNumber
eth_blockNumber
eth_blockNumber
eth_blockNumber
eth_blockNumber
eth_blockNumber
eth_blockNumber
eth_blockNumber
eth_blockNumber
eth_blockNumber
eth_blockNumber
eth_blockNumber
eth_blockNumber
eth_blockNumber
eth_blockNumber
eth_blockNumber
eth_blockNumber
eth_blockNumber
eth_blockNumber
eth_blockNumber
eth_blockNumber
eth_blockNumber
eth_blockNumber
eth_blockNumber
eth_blockNumber
eth_blockNumber
eth_blockNumber
eth_blockNumber
eth_blockNumber
eth_blockNumber
eth_blockNumber
eth_blockNumber
eth_blockNumber
eth_blockNumber
eth_blockNumber
eth_blockNumber
eth_blockNumber
eth_blockNumber
eth_blockNumber
eth_blockNumber
eth_blockNumber
eth_blockNumber
eth_blockNumber
eth_blockNumber
eth_blockNumber
eth_blockNumber
eth_blockNumber
eth_blockNumber
eth_blockNumber
eth_blockNumber
eth_blockNumber
eth_blockNumber
eth_blockNumber
eth_blockNumber
eth_blockNumber
eth_blockNumber
eth_blockNumber
eth_blockNumber
eth_blockNumber
eth_blockNumber
eth_blockNumber
eth_blockNumber
eth_blockNumber
eth_blockNumber
eth_blockNumber
eth_blockNumber
eth_blockNumber
eth_blockNumber
eth_blockNumber
eth_blockNumber
eth_blockNumber
eth_blockNumber
eth_blockNumber
eth_blockNumber
eth_feeHistory
eth_call
eth_blockNumber
eth_networkId
eth_getBlockByNumber
eth_getBalance
eth_getBalance
eth_getBalance
eth_getBalance
eth_blockNumber
eth_feeHistory
eth_blockNumber
eth_feeHistory
eth_getTransactionCount
eth_blockNumber
eth_chainId
eth_getBlockByNumber
eth_blockNumber
eth_chainId
eth_getBlockByNumber
eth_getTransactionCount
eth_getBalance
eth_getCode
eth_getBalance
eth_getCode
eth_getTransactionCount
eth_getBalance
eth_getCode
eth_getTransactionCount
eth_getBalance
eth_getCode
eth_getTransactionCount
eth_getBalance
eth_getTransactionCount
eth_getCode
eth_getBalance
eth_getCode
eth_getTransactionCount
eth_chainId
eth_blockNumber
eth_chainId
eth_getBlockByNumber
eth_chainId
eth_getBlockByNumber
eth_feeHistory
eth_chainId
eth_getBlockByNumber
eth_feeHistory
eth_sendRawTransaction
eth_sendRawTransaction

    Transaction: 0x6e785439ba922a9b25d1a1e3d30cdfd0b93b54f56ec6ebafab0be29537fba466
    Contract created: 0x2279b7a0a67db372996a5fab50d91eaa73d2ebe6
    Gas used: 933965

    Block Number: 9
    Block Hash: 0xab849718287c7885e2b0d320c858a3a7a789a89e5a454c5486cb2499cb9505bd
    Block Time: "Tue, 10 Jan 2023 17:51:49 +0000"


    Transaction: 0xbf43f1ea9b1cf19ac64e3ff9823075d243c33dea59b2b24044da6c1cc7031d9f
    Contract created: 0x8a791620dd6260079bf849dc5567adc3f2fdc318
    Gas used: 238535

    Block Number: 10
    Block Hash: 0x5dd86d2f567a7d4c1db641c4375ec97b14bcb8abcc92a785a5148ca0a6bc37a4
    Block Time: "Tue, 10 Jan 2023 17:51:50 +0000"

eth_getTransactionReceipt
eth_getTransactionReceipt
eth_getLogs
eth_blockNumber
eth_getLogs
eth_blockNumber
eth_getTransactionReceipt
eth_getTransactionCount
eth_estimateGas
eth_blockNumber
eth_getBalance
eth_estimateGas
eth_getCode
eth_call
eth_call
eth_call
eth_call
eth_getBlockByNumber
eth_blockNumber
eth_getBalance
eth_getBalance
eth_getBalance
eth_feeHistory
eth_feeHistory
eth_sendRawTransaction
eth_call
eth_call
eth_getTransactionReceipt
eth_call
eth_call
eth_getTransactionReceipt
eth_feeHistory
eth_feeHistory
eth_blockNumber
eth_blockNumber
eth_blockNumber
eth_blockNumber
eth_blockNumber
eth_blockNumber
eth_blockNumber
eth_blockNumber
eth_blockNumber
eth_blockNumber
eth_blockNumber
eth_blockNumber
eth_blockNumber
eth_blockNumber
eth_blockNumber
eth_blockNumber
eth_blockNumber
eth_blockNumber
eth_blockNumber
eth_blockNumber
eth_blockNumber
eth_blockNumber
eth_blockNumber
eth_blockNumber
eth_blockNumber
eth_blockNumber
eth_blockNumber
eth_blockNumber
eth_blockNumber
eth_blockNumber
eth_blockNumber
eth_blockNumber
eth_blockNumber
eth_blockNumber
eth_blockNumber
eth_blockNumber
eth_blockNumber
eth_blockNumber
eth_blockNumber
eth_blockNumber
eth_blockNumber
eth_blockNumber
eth_blockNumber
eth_blockNumber
eth_blockNumber
eth_blockNumber
eth_blockNumber
eth_blockNumber
eth_blockNumber
eth_blockNumber
eth_blockNumber
eth_blockNumber
eth_blockNumber
eth_blockNumber
eth_blockNumber
eth_blockNumber
eth_blockNumber
eth_blockNumber
eth_blockNumber
eth_blockNumber
eth_blockNumber
eth_blockNumber
eth_blockNumber
eth_blockNumber
eth_blockNumber
eth_blockNumber
eth_blockNumber
eth_blockNumber
eth_blockNumber
eth_blockNumber
eth_blockNumber
eth_blockNumber
eth_blockNumber
eth_blockNumber
eth_blockNumber
eth_blockNumber
eth_blockNumber
eth_blockNumber
eth_blockNumber
eth_blockNumber
eth_blockNumber
eth_blockNumber
eth_blockNumber
eth_blockNumber
eth_blockNumber
eth_blockNumber
eth_blockNumber
eth_blockNumber
eth_blockNumber
eth_blockNumber
eth_blockNumber
eth_blockNumber
eth_blockNumber
eth_blockNumber
eth_blockNumber
eth_blockNumber
eth_blockNumber
eth_blockNumber
eth_blockNumber
eth_blockNumber
eth_blockNumber
eth_blockNumber
eth_blockNumber
eth_blockNumber
eth_blockNumber
eth_blockNumber
eth_blockNumber
eth_blockNumber
eth_blockNumber
eth_blockNumber
eth_blockNumber
eth_blockNumber
eth_blockNumber
eth_blockNumber
eth_blockNumber
eth_blockNumber
eth_blockNumber
eth_blockNumber
eth_blockNumber
eth_blockNumber
eth_blockNumber
eth_blockNumber
eth_blockNumber
eth_blockNumber
eth_blockNumber
eth_blockNumber
eth_blockNumber
eth_blockNumber
eth_blockNumber
eth_blockNumber
eth_blockNumber
eth_blockNumber
eth_blockNumber
eth_blockNumber
eth_blockNumber
eth_blockNumber
eth_blockNumber
eth_blockNumber
eth_blockNumber
eth_blockNumber
eth_blockNumber
eth_blockNumber
eth_blockNumber
eth_blockNumber
eth_blockNumber
eth_blockNumber
eth_blockNumber
eth_blockNumber
eth_blockNumber
eth_blockNumber
eth_blockNumber
eth_blockNumber
eth_blockNumber
eth_blockNumber
eth_blockNumber
eth_blockNumber
eth_blockNumber
eth_blockNumber
eth_blockNumber
eth_blockNumber
eth_blockNumber
eth_blockNumber
eth_blockNumber
eth_blockNumber
eth_blockNumber
eth_blockNumber
eth_blockNumber
eth_blockNumber
eth_blockNumber
eth_blockNumber
eth_blockNumber
eth_blockNumber
eth_blockNumber
eth_blockNumber
eth_blockNumber
eth_blockNumber
eth_blockNumber
eth_blockNumber
eth_blockNumber
eth_blockNumber
eth_blockNumber
eth_blockNumber
eth_blockNumber
eth_blockNumber
eth_blockNumber
eth_blockNumber
eth_blockNumber
eth_blockNumber
eth_blockNumber
eth_blockNumber
eth_blockNumber
eth_blockNumber
eth_blockNumber
eth_blockNumber
eth_blockNumber
eth_blockNumber
eth_blockNumber
eth_blockNumber
eth_blockNumber
eth_blockNumber
eth_blockNumber
eth_blockNumber
eth_blockNumber
eth_blockNumber
eth_blockNumber
eth_blockNumber
eth_blockNumber
eth_blockNumber
eth_blockNumber
eth_blockNumber
eth_blockNumber
eth_blockNumber
eth_blockNumber
eth_blockNumber
eth_blockNumber
eth_blockNumber
eth_blockNumber
eth_blockNumber
eth_blockNumber
eth_blockNumber
eth_blockNumber
eth_blockNumber
eth_blockNumber
eth_blockNumber
eth_blockNumber
eth_blockNumber
eth_blockNumber
eth_blockNumber
eth_blockNumber
eth_blockNumber
eth_blockNumber
eth_blockNumber
eth_blockNumber
eth_blockNumber
eth_blockNumber
eth_blockNumber
eth_blockNumber
eth_blockNumber
eth_blockNumber
eth_blockNumber
eth_blockNumber
eth_blockNumber
eth_blockNumber
eth_blockNumber
eth_blockNumber
eth_blockNumber
eth_blockNumber
eth_blockNumber
eth_blockNumber
eth_blockNumber
eth_blockNumber
eth_blockNumber
eth_blockNumber
eth_blockNumber
eth_blockNumber
eth_blockNumber
eth_blockNumber
eth_blockNumber
eth_blockNumber
eth_blockNumber
eth_blockNumber
eth_blockNumber
eth_blockNumber
eth_blockNumber
eth_blockNumber
eth_blockNumber
eth_blockNumber
eth_blockNumber
eth_blockNumber
eth_blockNumber
eth_blockNumber
eth_blockNumber
eth_blockNumber
eth_blockNumber
eth_blockNumber
eth_blockNumber
eth_blockNumber
eth_blockNumber
eth_blockNumber
eth_blockNumber
eth_blockNumber
eth_blockNumber
eth_blockNumber
eth_blockNumber
eth_blockNumber
eth_blockNumber
eth_blockNumber
eth_blockNumber
eth_blockNumber
eth_blockNumber
eth_blockNumber
eth_blockNumber
eth_blockNumber
eth_blockNumber
eth_blockNumber
eth_blockNumber
eth_blockNumber
eth_blockNumber
eth_blockNumber
eth_blockNumber
eth_blockNumber
eth_blockNumber
eth_blockNumber
eth_blockNumber
eth_blockNumber
eth_blockNumber
eth_blockNumber
eth_blockNumber
eth_blockNumber
eth_blockNumber
eth_blockNumber
eth_blockNumber
eth_blockNumber
eth_blockNumber
eth_blockNumber
eth_blockNumber
eth_blockNumber
eth_blockNumber
eth_blockNumber
eth_blockNumber
eth_blockNumber
eth_blockNumber
eth_blockNumber
eth_blockNumber
eth_blockNumber
eth_blockNumber
eth_blockNumber
eth_blockNumber
eth_blockNumber
eth_getTransactionCount
eth_blockNumber
eth_getBlockByNumber
eth_chainId
eth_blockNumber
eth_chainId
eth_getBlockByNumber
eth_getTransactionCount
eth_getCode
eth_getBalance
eth_getBalance
eth_getCode
eth_getTransactionCount
eth_getCode
eth_getTransactionCount
eth_getBalance
eth_getBalance
eth_getCode
eth_getTransactionCount
eth_getCode
eth_getTransactionCount
eth_getBalance
eth_getBalance
eth_getCode
eth_getTransactionCount
eth_chainId
eth_blockNumber
eth_chainId
eth_getBlockByNumber
eth_chainId
eth_getBlockByNumber
eth_feeHistory
eth_chainId
eth_getBlockByNumber
eth_feeHistory
eth_sendRawTransaction
eth_sendRawTransaction

    Transaction: 0x73c1ae9d3e8de6d2a8f09e2dfc339ec8e4d74f54936c1f210d708360a5d7ddcf
    Contract created: 0x610178da211fef7d417bc0e6fed39f05609ad788
    Gas used: 933965

    Block Number: 11
    Block Hash: 0x39a57b5a0d4cb329e0bf72304a849ac38595195591a1d17de4d9b4a940505196
    Block Time: "Tue, 10 Jan 2023 18:47:21 +0000"


    Transaction: 0xdeb38bc9e80a1514b17f717384f79a2aeec88092baa7a953005ede70a5142169
    Contract created: 0xb7f8bc63bbcad18155201308c8f3540b07f84f5e
    Gas used: 238535

    Block Number: 12
    Block Hash: 0x5a49c747a4d216b0694fcd75632c925b2907350a902f3f3838ea4b46d3a28447
    Block Time: "Tue, 10 Jan 2023 18:47:22 +0000"

eth_getTransactionReceipt
eth_getTransactionReceipt
eth_getLogs
eth_blockNumber
eth_getTransactionReceipt
eth_getTransactionReceipt
eth_getTransactionReceipt
eth_getTransactionReceipt
eth_getTransactionReceipt
eth_getTransactionReceipt
eth_getTransactionReceipt
eth_getTransactionReceipt
eth_getTransactionReceipt
eth_getTransactionReceipt
eth_getTransactionCount
eth_sendRawTransaction
eth_sendRawTransaction
eth_sendRawTransaction
eth_sendRawTransaction
eth_sendRawTransaction
eth_sendRawTransaction
eth_sendRawTransaction
eth_sendRawTransaction
eth_blockNumber
eth_getTransactionReceipt
eth_getLogs
eth_getTransactionReceipt
eth_blockNumber
eth_blockNumber
eth_blockNumber
eth_getBalance
eth_getBalance
eth_getBalance
eth_getBalance
eth_getBlockByNumber
eth_feeHistory
eth_blockNumber
eth_blockNumber
eth_blockNumber
eth_blockNumber
eth_estimateGas
eth_getCode
eth_call
eth_call
eth_call
eth_call
eth_feeHistory
eth_feeHistory
eth_call
eth_call
eth_call
eth_call
eth_feeHistory
eth_blockNumber
eth_feeHistory
eth_blockNumber
eth_feeHistory
eth_blockNumber
eth_getCode
eth_sendRawTransaction
eth_feeHistory
eth_blockNumber
eth_sendRawTransaction
eth_feeHistory
eth_blockNumber
eth_feeHistory
eth_blockNumber
eth_feeHistory
eth_blockNumber
eth_feeHistory
eth_blockNumber
eth_feeHistory
eth_blockNumber
eth_feeHistory
eth_blockNumber
eth_feeHistory
eth_blockNumber
eth_feeHistory
eth_blockNumber
eth_blockNumber
eth_blockNumber
eth_blockNumber
eth_blockNumber
eth_blockNumber
eth_blockNumber
eth_blockNumber
eth_blockNumber
eth_blockNumber
eth_blockNumber
eth_blockNumber
eth_blockNumber
